[2017-04-20 12:47:33] local.ERROR: PDOException: SQLSTATE[42S02]: Base table or view not found: 1146 Table 'homestead.users' doesn't exist in /home/vagrant/authtest/vendor/laravel/framework/src/Illuminate/Database/Connection.php:319
Stack trace:
#0 /home/vagrant/authtest/vendor/laravel/framework/src/Illuminate/Database/Connection.php(319): PDO->prepare('select * from `...')
#1 /home/vagrant/authtest/vendor/laravel/framework/src/Illuminate/Database/Connection.php(640): Illuminate\Database\Connection->Illuminate\Database\{closure}('select * from `...', Array)
#2 /home/vagrant/authtest/vendor/laravel/framework/src/Illuminate/Database/Connection.php(607): Illuminate\Database\Connection->runQueryCallback('select * from `...', Array, Object(Closure))
#3 /home/vagrant/authtest/vendor/laravel/framework/src/Illuminate/Database/Connection.php(326): Illuminate\Database\Connection->run('select * from `...', Array, Object(Closure))
#4 /home/vagrant/authtest/vendor/laravel/framework/src/Illuminate/Database/Query/Builder.php(1709): Illuminate\Database\Connection->select('select * from `...', Array, true)
#5 /home/vagrant/authtest/vendor/laravel/framework/src/Illuminate/Database/Query/Builder.php(1694): Illuminate\Database\Query\Builder->runSelect()
#6 /home/vagrant/authtest/vendor/laravel/framework/src/Illuminate/Database/Eloquent/Builder.php(452): Illuminate\Database\Query\Builder->get(Array)
#7 /home/vagrant/authtest/vendor/laravel/framework/src/Illuminate/Database/Eloquent/Builder.php(436): Illuminate\Database\Eloquent\Builder->getModels(Array)
#8 /home/vagrant/authtest/vendor/laravel/framework/src/Illuminate/Database/Concerns/BuildsQueries.php(71): Illuminate\Database\Eloquent\Builder->get(Array)
#9 /home/vagrant/authtest/vendor/laravel/framework/src/Illuminate/Auth/EloquentUserProvider.php(110): Illuminate\Database\Eloquent\Builder->first()
#10 /home/vagrant/authtest/vendor/laravel/framework/src/Illuminate/Auth/SessionGuard.php(352): Illuminate\Auth\EloquentUserProvider->retrieveByCredentials(Array)
#11 /home/vagrant/authtest/vendor/laravel/framework/src/Illuminate/Foundation/Auth/AuthenticatesUsers.php(76): Illuminate\Auth\SessionGuard->attempt(Array, true)
#12 /home/vagrant/authtest/vendor/laravel/framework/src/Illuminate/Foundation/Auth/AuthenticatesUsers.php(41): App\Http\Controllers\Auth\LoginController->attemptLogin(Object(Illuminate\Http\Request))
#13 [internal function]: App\Http\Controllers\Auth\LoginController->login(Object(Illuminate\Http\Request))
#14 /home/vagrant/authtest/vendor/laravel/framework/src/Illuminate/Routing/Controller.php(55): call_user_func_array(Array, Array)
#15 /home/vagrant/authtest/vendor/laravel/framework/src/Illuminate/Routing/ControllerDispatcher.php(44): Illuminate\Routing\Controller->callAction('login', Array)
#16 /home/vagrant/authtest/vendor/laravel/framework/src/Illuminate/Routing/Route.php(203): Illuminate\Routing\ControllerDispatcher->dispatch(Object(Illuminate\Routing\Route), Object(App\Http\Controllers\Auth\LoginController), 'login')
#17 /home/vagrant/authtest/vendor/laravel/framework/src/Illuminate/Routing/Route.php(160): Illuminate\Routing\Route->runController()
#18 /home/vagrant/authtest/vendor/laravel/framework/src/Illuminate/Routing/Router.php(559): Illuminate\Routing\Route->run()
#19 /home/vagrant/authtest/vendor/laravel/framework/src/Illuminate/Routing/Pipeline.php(30): Illuminate\Routing\Router->Illuminate\Routing\{closure}(Object(Illuminate\Http\Request))
#20 /home/vagrant/authtest/app/Http/Middleware/RedirectIfAuthenticated.php(24): Illuminate\Routing\Pipeline->Illuminate\Routing\{closure}(Object(Illuminate\Http\Request))
#21 /home/vagrant/authtest/vendor/laravel/framework/src/Illuminate/Pipeline/Pipeline.php(148): App\Http\Middleware\RedirectIfAuthenticated->handle(Object(Illuminate\Http\Request), Object(Closure))
#22 /home/vagrant/authtest/vendor/laravel/framework/src/Illuminate/Routing/Pipeline.php(53): Illuminate\Pipeline\Pipeline->Illuminate\Pipeline\{closure}(Object(Illuminate\Http\Request))
#23 /home/vagrant/authtest/vendor/laravel/framework/src/Illuminate/Routing/Middleware/SubstituteBindings.php(41): Illuminate\Routing\Pipeline->Illuminate\Routing\{closure}(Object(Illuminate\Http\Request))
#24 /home/vagrant/authtest/vendor/laravel/framework/src/Illuminate/Pipeline/Pipeline.php(148): Illuminate\Routing\Middleware\SubstituteBindings->handle(Object(Illuminate\Http\Request), Object(Closure))
#25 /home/vagrant/authtest/vendor/laravel/framework/src/Illuminate/Routing/Pipeline.php(53): Illuminate\Pipeline\Pipeline->Illuminate\Pipeline\{closure}(Object(Illuminate\Http\Request))
#26 /home/vagrant/authtest/vendor/laravel/framework/src/Illuminate/Foundation/Http/Middleware/VerifyCsrfToken.php(65): Illuminate\Routing\Pipeline->Illuminate\Routing\{closure}(Object(Illuminate\Http\Request))
#27 /home/vagrant/authtest/vendor/laravel/framework/src/Illuminate/Pipeline/Pipeline.php(148): Illuminate\Foundation\Http\Middleware\VerifyCsrfToken->handle(Object(Illuminate\Http\Request), Object(Closure))
#28 /home/vagrant/authtest/vendor/laravel/framework/src/Illuminate/Routing/Pipeline.php(53): Illuminate\Pipeline\Pipeline->Illuminate\Pipeline\{closure}(Object(Illuminate\Http\Request))
#29 /home/vagrant/authtest/vendor/laravel/framework/src/Illuminate/View/Middleware/ShareErrorsFromSession.php(49): Illuminate\Routing\Pipeline->Illuminate\Routing\{closure}(Object(Illuminate\Http\Request))
#30 /home/vagrant/authtest/vendor/laravel/framework/src/Illuminate/Pipeline/Pipeline.php(148): Illuminate\View\Middleware\ShareErrorsFromSession->handle(Object(Illuminate\Http\Request), Object(Closure))
#31 /home/vagrant/authtest/vendor/laravel/framework/src/Illuminate/Routing/Pipeline.php(53): Illuminate\Pipeline\Pipeline->Illuminate\Pipeline\{closure}(Object(Illuminate\Http\Request))
#32 /home/vagrant/authtest/vendor/laravel/framework/src/Illuminate/Session/Middleware/StartSession.php(64): Illuminate\Routing\Pipeline->Illuminate\Routing\{closure}(Object(Illuminate\Http\Request))
#33 /home/vagrant/authtest/vendor/laravel/framework/src/Illuminate/Pipeline/Pipeline.php(148): Illuminate\Session\Middleware\StartSession->handle(Object(Illuminate\Http\Request), Object(Closure))
#34 /home/vagrant/authtest/vendor/laravel/framework/src/Illuminate/Routing/Pipeline.php(53): Illuminate\Pipeline\Pipeline->Illuminate\Pipeline\{closure}(Object(Illuminate\Http\Request))
#35 /home/vagrant/authtest/vendor/laravel/framework/src/Illuminate/Cookie/Middleware/AddQueuedCookiesToResponse.php(37): Illuminate\Routing\Pipeline->Illuminate\Routing\{closure}(Object(Illuminate\Http\Request))
#36 /home/vagrant/authtest/vendor/laravel/framework/src/Illuminate/Pipeline/Pipeline.php(148): Illuminate\Cookie\Middleware\AddQueuedCookiesToResponse->handle(Object(Illuminate\Http\Request), Object(Closure))
#37 /home/vagrant/authtest/vendor/laravel/framework/src/Illuminate/Routing/Pipeline.php(53): Illuminate\Pipeline\Pipeline->Illuminate\Pipeline\{closure}(Object(Illuminate\Http\Request))
#38 /home/vagrant/authtest/vendor/laravel/framework/src/Illuminate/Cookie/Middleware/EncryptCookies.php(59): Illuminate\Routing\Pipeline->Illuminate\Routing\{closure}(Object(Illuminate\Http\Request))
#39 /home/vagrant/authtest/vendor/laravel/framework/src/Illuminate/Pipeline/Pipeline.php(148): Illuminate\Cookie\Middleware\EncryptCookies->handle(Object(Illuminate\Http\Request), Object(Closure))
#40 /home/vagrant/authtest/vendor/laravel/framework/src/Illuminate/Routing/Pipeline.php(53): Illuminate\Pipeline\Pipeline->Illuminate\Pipeline\{closure}(Object(Illuminate\Http\Request))
#41 /home/vagrant/authtest/vendor/laravel/framework/src/Illuminate/Pipeline/Pipeline.php(102): Illuminate\Routing\Pipeline->Illuminate\Routing\{closure}(Object(Illuminate\Http\Request))
#42 /home/vagrant/authtest/vendor/laravel/framework/src/Illuminate/Routing/Router.php(561): Illuminate\Pipeline\Pipeline->then(Object(Closure))
#43 /home/vagrant/authtest/vendor/laravel/framework/src/Illuminate/Routing/Router.php(520): Illuminate\Routing\Router->runRouteWithinStack(Object(Illuminate\Routing\Route), Object(Illuminate\Http\Request))
#44 /home/vagrant/authtest/vendor/laravel/framework/src/Illuminate/Routing/Router.php(498): Illuminate\Routing\Router->dispatchToRoute(Object(Illuminate\Http\Request))
#45 /home/vagrant/authtest/vendor/laravel/framework/src/Illuminate/Foundation/Http/Kernel.php(174): Illuminate\Routing\Router->dispatch(Object(Illuminate\Http\Request))
#46 /home/vagrant/authtest/vendor/laravel/framework/src/Illuminate/Routing/Pipeline.php(30): Illuminate\Foundation\Http\Kernel->Illuminate\Foundation\Http\{closure}(Object(Illuminate\Http\Request))
#47 /home/vagrant/authtest/vendor/laravel/framework/src/Illuminate/Foundation/Http/Middleware/TransformsRequest.php(30): Illuminate\Routing\Pipeline->Illuminate\Routing\{closure}(Object(Illuminate\Http\Request))
#48 /home/vagrant/authtest/vendor/laravel/framework/src/Illuminate/Pipeline/Pipeline.php(148): Illuminate\Foundation\Http\Middleware\TransformsRequest->handle(Object(Illuminate\Http\Request), Object(Closure))
#49 /home/vagrant/authtest/vendor/laravel/framework/src/Illuminate/Routing/Pipeline.php(53): Illuminate\Pipeline\Pipeline->Illuminate\Pipeline\{closure}(Object(Illuminate\Http\Request))
#50 /home/vagrant/authtest/vendor/laravel/framework/src/Illuminate/Foundation/Http/Middleware/TransformsRequest.php(30): Illuminate\Routing\Pipeline->Illuminate\Routing\{closure}(Object(Illuminate\Http\Request))
#51 /home/vagrant/authtest/vendor/laravel/framework/src/Illuminate/Pipeline/Pipeline.php(148): Illuminate\Foundation\Http\Middleware\TransformsRequest->handle(Object(Illuminate\Http\Request), Object(Closure))
#52 /home/vagrant/authtest/vendor/laravel/framework/src/Illuminate/Routing/Pipeline.php(53): Illuminate\Pipeline\Pipeline->Illuminate\Pipeline\{closure}(Object(Illuminate\Http\Request))
#53 /home/vagrant/authtest/vendor/laravel/framework/src/Illuminate/Foundation/Http/Middleware/ValidatePostSize.php(27): Illuminate\Routing\Pipeline->Illuminate\Routing\{closure}(Object(Illuminate\Http\Request))
#54 /home/vagrant/authtest/vendor/laravel/framework/src/Illuminate/Pipeline/Pipeline.php(148): Illuminate\Foundation\Http\Middleware\ValidatePostSize->handle(Object(Illuminate\Http\Request), Object(Closure))
#55 /home/vagrant/authtest/vendor/laravel/framework/src/Illuminate/Routing/Pipeline.php(53): Illuminate\Pipeline\Pipeline->Illuminate\Pipeline\{closure}(Object(Illuminate\Http\Request))
#56 /home/vagrant/authtest/vendor/laravel/framework/src/Illuminate/Foundation/Http/Middleware/CheckForMaintenanceMode.php(46): Illuminate\Routing\Pipeline->Illuminate\Routing\{closure}(Object(Illuminate\Http\Request))
#57 /home/vagrant/authtest/vendor/laravel/framework/src/Illuminate/Pipeline/Pipeline.php(148): Illuminate\Foundation\Http\Middleware\CheckForMaintenanceMode->handle(Object(Illuminate\Http\Request), Object(Closure))
#58 /home/vagrant/authtest/vendor/laravel/framework/src/Illuminate/Routing/Pipeline.php(53): Illuminate\Pipeline\Pipeline->Illuminate\Pipeline\{closure}(Object(Illuminate\Http\Request))
#59 /home/vagrant/authtest/vendor/laravel/framework/src/Illuminate/Pipeline/Pipeline.php(102): Illuminate\Routing\Pipeline->Illuminate\Routing\{closure}(Object(Illuminate\Http\Request))
#60 /home/vagrant/authtest/vendor/laravel/framework/src/Illuminate/Foundation/Http/Kernel.php(149): Illuminate\Pipeline\Pipeline->then(Object(Closure))
#61 /home/vagrant/authtest/vendor/laravel/framework/src/Illuminate/Foundation/Http/Kernel.php(116): Illuminate\Foundation\Http\Kernel->sendRequestThroughRouter(Object(Illuminate\Http\Request))
#62 /home/vagrant/authtest/public/index.php(53): Illuminate\Foundation\Http\Kernel->handle(Object(Illuminate\Http\Request))
#63 {main}

Next Illuminate\Database\QueryException: SQLSTATE[42S02]: Base table or view not found: 1146 Table 'homestead.users' doesn't exist (SQL: select * from `users` where `email` = bennymoeckl@icloud.com limit 1) in /home/vagrant/authtest/vendor/laravel/framework/src/Illuminate/Database/Connection.php:647
Stack trace:
#0 /home/vagrant/authtest/vendor/laravel/framework/src/Illuminate/Database/Connection.php(607): Illuminate\Database\Connection->runQueryCallback('select * from `...', Array, Object(Closure))
#1 /home/vagrant/authtest/vendor/laravel/framework/src/Illuminate/Database/Connection.php(326): Illuminate\Database\Connection->run('select * from `...', Array, Object(Closure))
#2 /home/vagrant/authtest/vendor/laravel/framework/src/Illuminate/Database/Query/Builder.php(1709): Illuminate\Database\Connection->select('select * from `...', Array, true)
#3 /home/vagrant/authtest/vendor/laravel/framework/src/Illuminate/Database/Query/Builder.php(1694): Illuminate\Database\Query\Builder->runSelect()
#4 /home/vagrant/authtest/vendor/laravel/framework/src/Illuminate/Database/Eloquent/Builder.php(452): Illuminate\Database\Query\Builder->get(Array)
#5 /home/vagrant/authtest/vendor/laravel/framework/src/Illuminate/Database/Eloquent/Builder.php(436): Illuminate\Database\Eloquent\Builder->getModels(Array)
#6 /home/vagrant/authtest/vendor/laravel/framework/src/Illuminate/Database/Concerns/BuildsQueries.php(71): Illuminate\Database\Eloquent\Builder->get(Array)
#7 /home/vagrant/authtest/vendor/laravel/framework/src/Illuminate/Auth/EloquentUserProvider.php(110): Illuminate\Database\Eloquent\Builder->first()
#8 /home/vagrant/authtest/vendor/laravel/framework/src/Illuminate/Auth/SessionGuard.php(352): Illuminate\Auth\EloquentUserProvider->retrieveByCredentials(Array)
#9 /home/vagrant/authtest/vendor/laravel/framework/src/Illuminate/Foundation/Auth/AuthenticatesUsers.php(76): Illuminate\Auth\SessionGuard->attempt(Array, true)
#10 /home/vagrant/authtest/vendor/laravel/framework/src/Illuminate/Foundation/Auth/AuthenticatesUsers.php(41): App\Http\Controllers\Auth\LoginController->attemptLogin(Object(Illuminate\Http\Request))
#11 [internal function]: App\Http\Controllers\Auth\LoginController->login(Object(Illuminate\Http\Request))
#12 /home/vagrant/authtest/vendor/laravel/framework/src/Illuminate/Routing/Controller.php(55): call_user_func_array(Array, Array)
#13 /home/vagrant/authtest/vendor/laravel/framework/src/Illuminate/Routing/ControllerDispatcher.php(44): Illuminate\Routing\Controller->callAction('login', Array)
#14 /home/vagrant/authtest/vendor/laravel/framework/src/Illuminate/Routing/Route.php(203): Illuminate\Routing\ControllerDispatcher->dispatch(Object(Illuminate\Routing\Route), Object(App\Http\Controllers\Auth\LoginController), 'login')
#15 /home/vagrant/authtest/vendor/laravel/framework/src/Illuminate/Routing/Route.php(160): Illuminate\Routing\Route->runController()
#16 /home/vagrant/authtest/vendor/laravel/framework/src/Illuminate/Routing/Router.php(559): Illuminate\Routing\Route->run()
#17 /home/vagrant/authtest/vendor/laravel/framework/src/Illuminate/Routing/Pipeline.php(30): Illuminate\Routing\Router->Illuminate\Routing\{closure}(Object(Illuminate\Http\Request))
#18 /home/vagrant/authtest/app/Http/Middleware/RedirectIfAuthenticated.php(24): Illuminate\Routing\Pipeline->Illuminate\Routing\{closure}(Object(Illuminate\Http\Request))
#19 /home/vagrant/authtest/vendor/laravel/framework/src/Illuminate/Pipeline/Pipeline.php(148): App\Http\Middleware\RedirectIfAuthenticated->handle(Object(Illuminate\Http\Request), Object(Closure))
#20 /home/vagrant/authtest/vendor/laravel/framework/src/Illuminate/Routing/Pipeline.php(53): Illuminate\Pipeline\Pipeline->Illuminate\Pipeline\{closure}(Object(Illuminate\Http\Request))
#21 /home/vagrant/authtest/vendor/laravel/framework/src/Illuminate/Routing/Middleware/SubstituteBindings.php(41): Illuminate\Routing\Pipeline->Illuminate\Routing\{closure}(Object(Illuminate\Http\Request))
#22 /home/vagrant/authtest/vendor/laravel/framework/src/Illuminate/Pipeline/Pipeline.php(148): Illuminate\Routing\Middleware\SubstituteBindings->handle(Object(Illuminate\Http\Request), Object(Closure))
#23 /home/vagrant/authtest/vendor/laravel/framework/src/Illuminate/Routing/Pipeline.php(53): Illuminate\Pipeline\Pipeline->Illuminate\Pipeline\{closure}(Object(Illuminate\Http\Request))
#24 /home/vagrant/authtest/vendor/laravel/framework/src/Illuminate/Foundation/Http/Middleware/VerifyCsrfToken.php(65): Illuminate\Routing\Pipeline->Illuminate\Routing\{closure}(Object(Illuminate\Http\Request))
#25 /home/vagrant/authtest/vendor/laravel/framework/src/Illuminate/Pipeline/Pipeline.php(148): Illuminate\Foundation\Http\Middleware\VerifyCsrfToken->handle(Object(Illuminate\Http\Request), Object(Closure))
#26 /home/vagrant/authtest/vendor/laravel/framework/src/Illuminate/Routing/Pipeline.php(53): Illuminate\Pipeline\Pipeline->Illuminate\Pipeline\{closure}(Object(Illuminate\Http\Request))
#27 /home/vagrant/authtest/vendor/laravel/framework/src/Illuminate/View/Middleware/ShareErrorsFromSession.php(49): Illuminate\Routing\Pipeline->Illuminate\Routing\{closure}(Object(Illuminate\Http\Request))
#28 /home/vagrant/authtest/vendor/laravel/framework/src/Illuminate/Pipeline/Pipeline.php(148): Illuminate\View\Middleware\ShareErrorsFromSession->handle(Object(Illuminate\Http\Request), Object(Closure))
#29 /home/vagrant/authtest/vendor/laravel/framework/src/Illuminate/Routing/Pipeline.php(53): Illuminate\Pipeline\Pipeline->Illuminate\Pipeline\{closure}(Object(Illuminate\Http\Request))
#30 /home/vagrant/authtest/vendor/laravel/framework/src/Illuminate/Session/Middleware/StartSession.php(64): Illuminate\Routing\Pipeline->Illuminate\Routing\{closure}(Object(Illuminate\Http\Request))
#31 /home/vagrant/authtest/vendor/laravel/framework/src/Illuminate/Pipeline/Pipeline.php(148): Illuminate\Session\Middleware\StartSession->handle(Object(Illuminate\Http\Request), Object(Closure))
#32 /home/vagrant/authtest/vendor/laravel/framework/src/Illuminate/Routing/Pipeline.php(53): Illuminate\Pipeline\Pipeline->Illuminate\Pipeline\{closure}(Object(Illuminate\Http\Request))
#33 /home/vagrant/authtest/vendor/laravel/framework/src/Illuminate/Cookie/Middleware/AddQueuedCookiesToResponse.php(37): Illuminate\Routing\Pipeline->Illuminate\Routing\{closure}(Object(Illuminate\Http\Request))
#34 /home/vagrant/authtest/vendor/laravel/framework/src/Illuminate/Pipeline/Pipeline.php(148): Illuminate\Cookie\Middleware\AddQueuedCookiesToResponse->handle(Object(Illuminate\Http\Request), Object(Closure))
#35 /home/vagrant/authtest/vendor/laravel/framework/src/Illuminate/Routing/Pipeline.php(53): Illuminate\Pipeline\Pipeline->Illuminate\Pipeline\{closure}(Object(Illuminate\Http\Request))
#36 /home/vagrant/authtest/vendor/laravel/framework/src/Illuminate/Cookie/Middleware/EncryptCookies.php(59): Illuminate\Routing\Pipeline->Illuminate\Routing\{closure}(Object(Illuminate\Http\Request))
#37 /home/vagrant/authtest/vendor/laravel/framework/src/Illuminate/Pipeline/Pipeline.php(148): Illuminate\Cookie\Middleware\EncryptCookies->handle(Object(Illuminate\Http\Request), Object(Closure))
#38 /home/vagrant/authtest/vendor/laravel/framework/src/Illuminate/Routing/Pipeline.php(53): Illuminate\Pipeline\Pipeline->Illuminate\Pipeline\{closure}(Object(Illuminate\Http\Request))
#39 /home/vagrant/authtest/vendor/laravel/framework/src/Illuminate/Pipeline/Pipeline.php(102): Illuminate\Routing\Pipeline->Illuminate\Routing\{closure}(Object(Illuminate\Http\Request))
#40 /home/vagrant/authtest/vendor/laravel/framework/src/Illuminate/Routing/Router.php(561): Illuminate\Pipeline\Pipeline->then(Object(Closure))
#41 /home/vagrant/authtest/vendor/laravel/framework/src/Illuminate/Routing/Router.php(520): Illuminate\Routing\Router->runRouteWithinStack(Object(Illuminate\Routing\Route), Object(Illuminate\Http\Request))
#42 /home/vagrant/authtest/vendor/laravel/framework/src/Illuminate/Routing/Router.php(498): Illuminate\Routing\Router->dispatchToRoute(Object(Illuminate\Http\Request))
#43 /home/vagrant/authtest/vendor/laravel/framework/src/Illuminate/Foundation/Http/Kernel.php(174): Illuminate\Routing\Router->dispatch(Object(Illuminate\Http\Request))
#44 /home/vagrant/authtest/vendor/laravel/framework/src/Illuminate/Routing/Pipeline.php(30): Illuminate\Foundation\Http\Kernel->Illuminate\Foundation\Http\{closure}(Object(Illuminate\Http\Request))
#45 /home/vagrant/authtest/vendor/laravel/framework/src/Illuminate/Foundation/Http/Middleware/TransformsRequest.php(30): Illuminate\Routing\Pipeline->Illuminate\Routing\{closure}(Object(Illuminate\Http\Request))
#46 /home/vagrant/authtest/vendor/laravel/framework/src/Illuminate/Pipeline/Pipeline.php(148): Illuminate\Foundation\Http\Middleware\TransformsRequest->handle(Object(Illuminate\Http\Request), Object(Closure))
#47 /home/vagrant/authtest/vendor/laravel/framework/src/Illuminate/Routing/Pipeline.php(53): Illuminate\Pipeline\Pipeline->Illuminate\Pipeline\{closure}(Object(Illuminate\Http\Request))
#48 /home/vagrant/authtest/vendor/laravel/framework/src/Illuminate/Foundation/Http/Middleware/TransformsRequest.php(30): Illuminate\Routing\Pipeline->Illuminate\Routing\{closure}(Object(Illuminate\Http\Request))
#49 /home/vagrant/authtest/vendor/laravel/framework/src/Illuminate/Pipeline/Pipeline.php(148): Illuminate\Foundation\Http\Middleware\TransformsRequest->handle(Object(Illuminate\Http\Request), Object(Closure))
#50 /home/vagrant/authtest/vendor/laravel/framework/src/Illuminate/Routing/Pipeline.php(53): Illuminate\Pipeline\Pipeline->Illuminate\Pipeline\{closure}(Object(Illuminate\Http\Request))
#51 /home/vagrant/authtest/vendor/laravel/framework/src/Illuminate/Foundation/Http/Middleware/ValidatePostSize.php(27): Illuminate\Routing\Pipeline->Illuminate\Routing\{closure}(Object(Illuminate\Http\Request))
#52 /home/vagrant/authtest/vendor/laravel/framework/src/Illuminate/Pipeline/Pipeline.php(148): Illuminate\Foundation\Http\Middleware\ValidatePostSize->handle(Object(Illuminate\Http\Request), Object(Closure))
#53 /home/vagrant/authtest/vendor/laravel/framework/src/Illuminate/Routing/Pipeline.php(53): Illuminate\Pipeline\Pipeline->Illuminate\Pipeline\{closure}(Object(Illuminate\Http\Request))
#54 /home/vagrant/authtest/vendor/laravel/framework/src/Illuminate/Foundation/Http/Middleware/CheckForMaintenanceMode.php(46): Illuminate\Routing\Pipeline->Illuminate\Routing\{closure}(Object(Illuminate\Http\Request))
#55 /home/vagrant/authtest/vendor/laravel/framework/src/Illuminate/Pipeline/Pipeline.php(148): Illuminate\Foundation\Http\Middleware\CheckForMaintenanceMode->handle(Object(Illuminate\Http\Request), Object(Closure))
#56 /home/vagrant/authtest/vendor/laravel/framework/src/Illuminate/Routing/Pipeline.php(53): Illuminate\Pipeline\Pipeline->Illuminate\Pipeline\{closure}(Object(Illuminate\Http\Request))
#57 /home/vagrant/authtest/vendor/laravel/framework/src/Illuminate/Pipeline/Pipeline.php(102): Illuminate\Routing\Pipeline->Illuminate\Routing\{closure}(Object(Illuminate\Http\Request))
#58 /home/vagrant/authtest/vendor/laravel/framework/src/Illuminate/Foundation/Http/Kernel.php(149): Illuminate\Pipeline\Pipeline->then(Object(Closure))
#59 /home/vagrant/authtest/vendor/laravel/framework/src/Illuminate/Foundation/Http/Kernel.php(116): Illuminate\Foundation\Http\Kernel->sendRequestThroughRouter(Object(Illuminate\Http\Request))
#60 /home/vagrant/authtest/public/index.php(53): Illuminate\Foundation\Http\Kernel->handle(Object(Illuminate\Http\Request))
#61 {main}  
[2017-04-20 12:57:51] local.ERROR: PDOException: SQLSTATE[42S02]: Base table or view not found: 1146 Table 'homestead.users' doesn't exist in /home/vagrant/authtest/vendor/laravel/framework/src/Illuminate/Database/Connection.php:319
Stack trace:
#0 /home/vagrant/authtest/vendor/laravel/framework/src/Illuminate/Database/Connection.php(319): PDO->prepare('select count(*)...')
#1 /home/vagrant/authtest/vendor/laravel/framework/src/Illuminate/Database/Connection.php(640): Illuminate\Database\Connection->Illuminate\Database\{closure}('select count(*)...', Array)
#2 /home/vagrant/authtest/vendor/laravel/framework/src/Illuminate/Database/Connection.php(607): Illuminate\Database\Connection->runQueryCallback('select count(*)...', Array, Object(Closure))
#3 /home/vagrant/authtest/vendor/laravel/framework/src/Illuminate/Database/Connection.php(326): Illuminate\Database\Connection->run('select count(*)...', Array, Object(Closure))
#4 /home/vagrant/authtest/vendor/laravel/framework/src/Illuminate/Database/Query/Builder.php(1709): Illuminate\Database\Connection->select('select count(*)...', Array, false)
#5 /home/vagrant/authtest/vendor/laravel/framework/src/Illuminate/Database/Query/Builder.php(1694): Illuminate\Database\Query\Builder->runSelect()
#6 /home/vagrant/authtest/vendor/laravel/framework/src/Illuminate/Database/Query/Builder.php(2029): Illuminate\Database\Query\Builder->get(Array)
#7 /home/vagrant/authtest/vendor/laravel/framework/src/Illuminate/Database/Query/Builder.php(1957): Illuminate\Database\Query\Builder->aggregate('count', Array)
#8 /home/vagrant/authtest/vendor/laravel/framework/src/Illuminate/Validation/DatabasePresenceVerifier.php(55): Illuminate\Database\Query\Builder->count()
#9 /home/vagrant/authtest/vendor/laravel/framework/src/Illuminate/Validation/Concerns/ValidatesAttributes.php(612): Illuminate\Validation\DatabasePresenceVerifier->getCount('users', 'email', 'bennymoeckl@icl...', NULL, NULL, Array)
#10 /home/vagrant/authtest/vendor/laravel/framework/src/Illuminate/Validation/Validator.php(338): Illuminate\Validation\Validator->validateUnique('email', 'bennymoeckl@icl...', Array, Object(Illuminate\Validation\Validator))
#11 /home/vagrant/authtest/vendor/laravel/framework/src/Illuminate/Validation/Validator.php(253): Illuminate\Validation\Validator->validateAttribute('email', 'Unique')
#12 /home/vagrant/authtest/vendor/laravel/framework/src/Illuminate/Validation/Validator.php(278): Illuminate\Validation\Validator->passes()
#13 /home/vagrant/authtest/vendor/laravel/framework/src/Illuminate/Validation/Validator.php(290): Illuminate\Validation\Validator->fails()
#14 /home/vagrant/authtest/vendor/laravel/framework/src/Illuminate/Foundation/Auth/RegistersUsers.php(31): Illuminate\Validation\Validator->validate()
#15 [internal function]: App\Http\Controllers\Auth\RegisterController->register(Object(Illuminate\Http\Request))
#16 /home/vagrant/authtest/vendor/laravel/framework/src/Illuminate/Routing/Controller.php(55): call_user_func_array(Array, Array)
#17 /home/vagrant/authtest/vendor/laravel/framework/src/Illuminate/Routing/ControllerDispatcher.php(44): Illuminate\Routing\Controller->callAction('register', Array)
#18 /home/vagrant/authtest/vendor/laravel/framework/src/Illuminate/Routing/Route.php(203): Illuminate\Routing\ControllerDispatcher->dispatch(Object(Illuminate\Routing\Route), Object(App\Http\Controllers\Auth\RegisterController), 'register')
#19 /home/vagrant/authtest/vendor/laravel/framework/src/Illuminate/Routing/Route.php(160): Illuminate\Routing\Route->runController()
#20 /home/vagrant/authtest/vendor/laravel/framework/src/Illuminate/Routing/Router.php(559): Illuminate\Routing\Route->run()
#21 /home/vagrant/authtest/vendor/laravel/framework/src/Illuminate/Routing/Pipeline.php(30): Illuminate\Routing\Router->Illuminate\Routing\{closure}(Object(Illuminate\Http\Request))
#22 /home/vagrant/authtest/app/Http/Middleware/RedirectIfAuthenticated.php(24): Illuminate\Routing\Pipeline->Illuminate\Routing\{closure}(Object(Illuminate\Http\Request))
#23 /home/vagrant/authtest/vendor/laravel/framework/src/Illuminate/Pipeline/Pipeline.php(148): App\Http\Middleware\RedirectIfAuthenticated->handle(Object(Illuminate\Http\Request), Object(Closure))
#24 /home/vagrant/authtest/vendor/laravel/framework/src/Illuminate/Routing/Pipeline.php(53): Illuminate\Pipeline\Pipeline->Illuminate\Pipeline\{closure}(Object(Illuminate\Http\Request))
#25 /home/vagrant/authtest/vendor/laravel/framework/src/Illuminate/Routing/Middleware/SubstituteBindings.php(41): Illuminate\Routing\Pipeline->Illuminate\Routing\{closure}(Object(Illuminate\Http\Request))
#26 /home/vagrant/authtest/vendor/laravel/framework/src/Illuminate/Pipeline/Pipeline.php(148): Illuminate\Routing\Middleware\SubstituteBindings->handle(Object(Illuminate\Http\Request), Object(Closure))
#27 /home/vagrant/authtest/vendor/laravel/framework/src/Illuminate/Routing/Pipeline.php(53): Illuminate\Pipeline\Pipeline->Illuminate\Pipeline\{closure}(Object(Illuminate\Http\Request))
#28 /home/vagrant/authtest/vendor/laravel/framework/src/Illuminate/Foundation/Http/Middleware/VerifyCsrfToken.php(65): Illuminate\Routing\Pipeline->Illuminate\Routing\{closure}(Object(Illuminate\Http\Request))
#29 /home/vagrant/authtest/vendor/laravel/framework/src/Illuminate/Pipeline/Pipeline.php(148): Illuminate\Foundation\Http\Middleware\VerifyCsrfToken->handle(Object(Illuminate\Http\Request), Object(Closure))
#30 /home/vagrant/authtest/vendor/laravel/framework/src/Illuminate/Routing/Pipeline.php(53): Illuminate\Pipeline\Pipeline->Illuminate\Pipeline\{closure}(Object(Illuminate\Http\Request))
#31 /home/vagrant/authtest/vendor/laravel/framework/src/Illuminate/View/Middleware/ShareErrorsFromSession.php(49): Illuminate\Routing\Pipeline->Illuminate\Routing\{closure}(Object(Illuminate\Http\Request))
#32 /home/vagrant/authtest/vendor/laravel/framework/src/Illuminate/Pipeline/Pipeline.php(148): Illuminate\View\Middleware\ShareErrorsFromSession->handle(Object(Illuminate\Http\Request), Object(Closure))
#33 /home/vagrant/authtest/vendor/laravel/framework/src/Illuminate/Routing/Pipeline.php(53): Illuminate\Pipeline\Pipeline->Illuminate\Pipeline\{closure}(Object(Illuminate\Http\Request))
#34 /home/vagrant/authtest/vendor/laravel/framework/src/Illuminate/Session/Middleware/StartSession.php(64): Illuminate\Routing\Pipeline->Illuminate\Routing\{closure}(Object(Illuminate\Http\Request))
#35 /home/vagrant/authtest/vendor/laravel/framework/src/Illuminate/Pipeline/Pipeline.php(148): Illuminate\Session\Middleware\StartSession->handle(Object(Illuminate\Http\Request), Object(Closure))
#36 /home/vagrant/authtest/vendor/laravel/framework/src/Illuminate/Routing/Pipeline.php(53): Illuminate\Pipeline\Pipeline->Illuminate\Pipeline\{closure}(Object(Illuminate\Http\Request))
#37 /home/vagrant/authtest/vendor/laravel/framework/src/Illuminate/Cookie/Middleware/AddQueuedCookiesToResponse.php(37): Illuminate\Routing\Pipeline->Illuminate\Routing\{closure}(Object(Illuminate\Http\Request))
#38 /home/vagrant/authtest/vendor/laravel/framework/src/Illuminate/Pipeline/Pipeline.php(148): Illuminate\Cookie\Middleware\AddQueuedCookiesToResponse->handle(Object(Illuminate\Http\Request), Object(Closure))
#39 /home/vagrant/authtest/vendor/laravel/framework/src/Illuminate/Routing/Pipeline.php(53): Illuminate\Pipeline\Pipeline->Illuminate\Pipeline\{closure}(Object(Illuminate\Http\Request))
#40 /home/vagrant/authtest/vendor/laravel/framework/src/Illuminate/Cookie/Middleware/EncryptCookies.php(59): Illuminate\Routing\Pipeline->Illuminate\Routing\{closure}(Object(Illuminate\Http\Request))
#41 /home/vagrant/authtest/vendor/laravel/framework/src/Illuminate/Pipeline/Pipeline.php(148): Illuminate\Cookie\Middleware\EncryptCookies->handle(Object(Illuminate\Http\Request), Object(Closure))
#42 /home/vagrant/authtest/vendor/laravel/framework/src/Illuminate/Routing/Pipeline.php(53): Illuminate\Pipeline\Pipeline->Illuminate\Pipeline\{closure}(Object(Illuminate\Http\Request))
#43 /home/vagrant/authtest/vendor/laravel/framework/src/Illuminate/Pipeline/Pipeline.php(102): Illuminate\Routing\Pipeline->Illuminate\Routing\{closure}(Object(Illuminate\Http\Request))
#44 /home/vagrant/authtest/vendor/laravel/framework/src/Illuminate/Routing/Router.php(561): Illuminate\Pipeline\Pipeline->then(Object(Closure))
#45 /home/vagrant/authtest/vendor/laravel/framework/src/Illuminate/Routing/Router.php(520): Illuminate\Routing\Router->runRouteWithinStack(Object(Illuminate\Routing\Route), Object(Illuminate\Http\Request))
#46 /home/vagrant/authtest/vendor/laravel/framework/src/Illuminate/Routing/Router.php(498): Illuminate\Routing\Router->dispatchToRoute(Object(Illuminate\Http\Request))
#47 /home/vagrant/authtest/vendor/laravel/framework/src/Illuminate/Foundation/Http/Kernel.php(174): Illuminate\Routing\Router->dispatch(Object(Illuminate\Http\Request))
#48 /home/vagrant/authtest/vendor/laravel/framework/src/Illuminate/Routing/Pipeline.php(30): Illuminate\Foundation\Http\Kernel->Illuminate\Foundation\Http\{closure}(Object(Illuminate\Http\Request))
#49 /home/vagrant/authtest/vendor/laravel/framework/src/Illuminate/Foundation/Http/Middleware/TransformsRequest.php(30): Illuminate\Routing\Pipeline->Illuminate\Routing\{closure}(Object(Illuminate\Http\Request))
#50 /home/vagrant/authtest/vendor/laravel/framework/src/Illuminate/Pipeline/Pipeline.php(148): Illuminate\Foundation\Http\Middleware\TransformsRequest->handle(Object(Illuminate\Http\Request), Object(Closure))
#51 /home/vagrant/authtest/vendor/laravel/framework/src/Illuminate/Routing/Pipeline.php(53): Illuminate\Pipeline\Pipeline->Illuminate\Pipeline\{closure}(Object(Illuminate\Http\Request))
#52 /home/vagrant/authtest/vendor/laravel/framework/src/Illuminate/Foundation/Http/Middleware/TransformsRequest.php(30): Illuminate\Routing\Pipeline->Illuminate\Routing\{closure}(Object(Illuminate\Http\Request))
#53 /home/vagrant/authtest/vendor/laravel/framework/src/Illuminate/Pipeline/Pipeline.php(148): Illuminate\Foundation\Http\Middleware\TransformsRequest->handle(Object(Illuminate\Http\Request), Object(Closure))
#54 /home/vagrant/authtest/vendor/laravel/framework/src/Illuminate/Routing/Pipeline.php(53): Illuminate\Pipeline\Pipeline->Illuminate\Pipeline\{closure}(Object(Illuminate\Http\Request))
#55 /home/vagrant/authtest/vendor/laravel/framework/src/Illuminate/Foundation/Http/Middleware/ValidatePostSize.php(27): Illuminate\Routing\Pipeline->Illuminate\Routing\{closure}(Object(Illuminate\Http\Request))
#56 /home/vagrant/authtest/vendor/laravel/framework/src/Illuminate/Pipeline/Pipeline.php(148): Illuminate\Foundation\Http\Middleware\ValidatePostSize->handle(Object(Illuminate\Http\Request), Object(Closure))
#57 /home/vagrant/authtest/vendor/laravel/framework/src/Illuminate/Routing/Pipeline.php(53): Illuminate\Pipeline\Pipeline->Illuminate\Pipeline\{closure}(Object(Illuminate\Http\Request))
#58 /home/vagrant/authtest/vendor/laravel/framework/src/Illuminate/Foundation/Http/Middleware/CheckForMaintenanceMode.php(46): Illuminate\Routing\Pipeline->Illuminate\Routing\{closure}(Object(Illuminate\Http\Request))
#59 /home/vagrant/authtest/vendor/laravel/framework/src/Illuminate/Pipeline/Pipeline.php(148): Illuminate\Foundation\Http\Middleware\CheckForMaintenanceMode->handle(Object(Illuminate\Http\Request), Object(Closure))
#60 /home/vagrant/authtest/vendor/laravel/framework/src/Illuminate/Routing/Pipeline.php(53): Illuminate\Pipeline\Pipeline->Illuminate\Pipeline\{closure}(Object(Illuminate\Http\Request))
#61 /home/vagrant/authtest/vendor/laravel/framework/src/Illuminate/Pipeline/Pipeline.php(102): Illuminate\Routing\Pipeline->Illuminate\Routing\{closure}(Object(Illuminate\Http\Request))
#62 /home/vagrant/authtest/vendor/laravel/framework/src/Illuminate/Foundation/Http/Kernel.php(149): Illuminate\Pipeline\Pipeline->then(Object(Closure))
#63 /home/vagrant/authtest/vendor/laravel/framework/src/Illuminate/Foundation/Http/Kernel.php(116): Illuminate\Foundation\Http\Kernel->sendRequestThroughRouter(Object(Illuminate\Http\Request))
#64 /home/vagrant/authtest/public/index.php(53): Illuminate\Foundation\Http\Kernel->handle(Object(Illuminate\Http\Request))
#65 {main}

Next Illuminate\Database\QueryException: SQLSTATE[42S02]: Base table or view not found: 1146 Table 'homestead.users' doesn't exist (SQL: select count(*) as aggregate from `users` where `email` = bennymoeckl@icloud.com) in /home/vagrant/authtest/vendor/laravel/framework/src/Illuminate/Database/Connection.php:647
Stack trace:
#0 /home/vagrant/authtest/vendor/laravel/framework/src/Illuminate/Database/Connection.php(607): Illuminate\Database\Connection->runQueryCallback('select count(*)...', Array, Object(Closure))
#1 /home/vagrant/authtest/vendor/laravel/framework/src/Illuminate/Database/Connection.php(326): Illuminate\Database\Connection->run('select count(*)...', Array, Object(Closure))
#2 /home/vagrant/authtest/vendor/laravel/framework/src/Illuminate/Database/Query/Builder.php(1709): Illuminate\Database\Connection->select('select count(*)...', Array, false)
#3 /home/vagrant/authtest/vendor/laravel/framework/src/Illuminate/Database/Query/Builder.php(1694): Illuminate\Database\Query\Builder->runSelect()
#4 /home/vagrant/authtest/vendor/laravel/framework/src/Illuminate/Database/Query/Builder.php(2029): Illuminate\Database\Query\Builder->get(Array)
#5 /home/vagrant/authtest/vendor/laravel/framework/src/Illuminate/Database/Query/Builder.php(1957): Illuminate\Database\Query\Builder->aggregate('count', Array)
#6 /home/vagrant/authtest/vendor/laravel/framework/src/Illuminate/Validation/DatabasePresenceVerifier.php(55): Illuminate\Database\Query\Builder->count()
#7 /home/vagrant/authtest/vendor/laravel/framework/src/Illuminate/Validation/Concerns/ValidatesAttributes.php(612): Illuminate\Validation\DatabasePresenceVerifier->getCount('users', 'email', 'bennymoeckl@icl...', NULL, NULL, Array)
#8 /home/vagrant/authtest/vendor/laravel/framework/src/Illuminate/Validation/Validator.php(338): Illuminate\Validation\Validator->validateUnique('email', 'bennymoeckl@icl...', Array, Object(Illuminate\Validation\Validator))
#9 /home/vagrant/authtest/vendor/laravel/framework/src/Illuminate/Validation/Validator.php(253): Illuminate\Validation\Validator->validateAttribute('email', 'Unique')
#10 /home/vagrant/authtest/vendor/laravel/framework/src/Illuminate/Validation/Validator.php(278): Illuminate\Validation\Validator->passes()
#11 /home/vagrant/authtest/vendor/laravel/framework/src/Illuminate/Validation/Validator.php(290): Illuminate\Validation\Validator->fails()
#12 /home/vagrant/authtest/vendor/laravel/framework/src/Illuminate/Foundation/Auth/RegistersUsers.php(31): Illuminate\Validation\Validator->validate()
#13 [internal function]: App\Http\Controllers\Auth\RegisterController->register(Object(Illuminate\Http\Request))
#14 /home/vagrant/authtest/vendor/laravel/framework/src/Illuminate/Routing/Controller.php(55): call_user_func_array(Array, Array)
#15 /home/vagrant/authtest/vendor/laravel/framework/src/Illuminate/Routing/ControllerDispatcher.php(44): Illuminate\Routing\Controller->callAction('register', Array)
#16 /home/vagrant/authtest/vendor/laravel/framework/src/Illuminate/Routing/Route.php(203): Illuminate\Routing\ControllerDispatcher->dispatch(Object(Illuminate\Routing\Route), Object(App\Http\Controllers\Auth\RegisterController), 'register')
#17 /home/vagrant/authtest/vendor/laravel/framework/src/Illuminate/Routing/Route.php(160): Illuminate\Routing\Route->runController()
#18 /home/vagrant/authtest/vendor/laravel/framework/src/Illuminate/Routing/Router.php(559): Illuminate\Routing\Route->run()
#19 /home/vagrant/authtest/vendor/laravel/framework/src/Illuminate/Routing/Pipeline.php(30): Illuminate\Routing\Router->Illuminate\Routing\{closure}(Object(Illuminate\Http\Request))
#20 /home/vagrant/authtest/app/Http/Middleware/RedirectIfAuthenticated.php(24): Illuminate\Routing\Pipeline->Illuminate\Routing\{closure}(Object(Illuminate\Http\Request))
#21 /home/vagrant/authtest/vendor/laravel/framework/src/Illuminate/Pipeline/Pipeline.php(148): App\Http\Middleware\RedirectIfAuthenticated->handle(Object(Illuminate\Http\Request), Object(Closure))
#22 /home/vagrant/authtest/vendor/laravel/framework/src/Illuminate/Routing/Pipeline.php(53): Illuminate\Pipeline\Pipeline->Illuminate\Pipeline\{closure}(Object(Illuminate\Http\Request))
#23 /home/vagrant/authtest/vendor/laravel/framework/src/Illuminate/Routing/Middleware/SubstituteBindings.php(41): Illuminate\Routing\Pipeline->Illuminate\Routing\{closure}(Object(Illuminate\Http\Request))
#24 /home/vagrant/authtest/vendor/laravel/framework/src/Illuminate/Pipeline/Pipeline.php(148): Illuminate\Routing\Middleware\SubstituteBindings->handle(Object(Illuminate\Http\Request), Object(Closure))
#25 /home/vagrant/authtest/vendor/laravel/framework/src/Illuminate/Routing/Pipeline.php(53): Illuminate\Pipeline\Pipeline->Illuminate\Pipeline\{closure}(Object(Illuminate\Http\Request))
#26 /home/vagrant/authtest/vendor/laravel/framework/src/Illuminate/Foundation/Http/Middleware/VerifyCsrfToken.php(65): Illuminate\Routing\Pipeline->Illuminate\Routing\{closure}(Object(Illuminate\Http\Request))
#27 /home/vagrant/authtest/vendor/laravel/framework/src/Illuminate/Pipeline/Pipeline.php(148): Illuminate\Foundation\Http\Middleware\VerifyCsrfToken->handle(Object(Illuminate\Http\Request), Object(Closure))
#28 /home/vagrant/authtest/vendor/laravel/framework/src/Illuminate/Routing/Pipeline.php(53): Illuminate\Pipeline\Pipeline->Illuminate\Pipeline\{closure}(Object(Illuminate\Http\Request))
#29 /home/vagrant/authtest/vendor/laravel/framework/src/Illuminate/View/Middleware/ShareErrorsFromSession.php(49): Illuminate\Routing\Pipeline->Illuminate\Routing\{closure}(Object(Illuminate\Http\Request))
#30 /home/vagrant/authtest/vendor/laravel/framework/src/Illuminate/Pipeline/Pipeline.php(148): Illuminate\View\Middleware\ShareErrorsFromSession->handle(Object(Illuminate\Http\Request), Object(Closure))
#31 /home/vagrant/authtest/vendor/laravel/framework/src/Illuminate/Routing/Pipeline.php(53): Illuminate\Pipeline\Pipeline->Illuminate\Pipeline\{closure}(Object(Illuminate\Http\Request))
#32 /home/vagrant/authtest/vendor/laravel/framework/src/Illuminate/Session/Middleware/StartSession.php(64): Illuminate\Routing\Pipeline->Illuminate\Routing\{closure}(Object(Illuminate\Http\Request))
#33 /home/vagrant/authtest/vendor/laravel/framework/src/Illuminate/Pipeline/Pipeline.php(148): Illuminate\Session\Middleware\StartSession->handle(Object(Illuminate\Http\Request), Object(Closure))
#34 /home/vagrant/authtest/vendor/laravel/framework/src/Illuminate/Routing/Pipeline.php(53): Illuminate\Pipeline\Pipeline->Illuminate\Pipeline\{closure}(Object(Illuminate\Http\Request))
#35 /home/vagrant/authtest/vendor/laravel/framework/src/Illuminate/Cookie/Middleware/AddQueuedCookiesToResponse.php(37): Illuminate\Routing\Pipeline->Illuminate\Routing\{closure}(Object(Illuminate\Http\Request))
#36 /home/vagrant/authtest/vendor/laravel/framework/src/Illuminate/Pipeline/Pipeline.php(148): Illuminate\Cookie\Middleware\AddQueuedCookiesToResponse->handle(Object(Illuminate\Http\Request), Object(Closure))
#37 /home/vagrant/authtest/vendor/laravel/framework/src/Illuminate/Routing/Pipeline.php(53): Illuminate\Pipeline\Pipeline->Illuminate\Pipeline\{closure}(Object(Illuminate\Http\Request))
#38 /home/vagrant/authtest/vendor/laravel/framework/src/Illuminate/Cookie/Middleware/EncryptCookies.php(59): Illuminate\Routing\Pipeline->Illuminate\Routing\{closure}(Object(Illuminate\Http\Request))
#39 /home/vagrant/authtest/vendor/laravel/framework/src/Illuminate/Pipeline/Pipeline.php(148): Illuminate\Cookie\Middleware\EncryptCookies->handle(Object(Illuminate\Http\Request), Object(Closure))
#40 /home/vagrant/authtest/vendor/laravel/framework/src/Illuminate/Routing/Pipeline.php(53): Illuminate\Pipeline\Pipeline->Illuminate\Pipeline\{closure}(Object(Illuminate\Http\Request))
#41 /home/vagrant/authtest/vendor/laravel/framework/src/Illuminate/Pipeline/Pipeline.php(102): Illuminate\Routing\Pipeline->Illuminate\Routing\{closure}(Object(Illuminate\Http\Request))
#42 /home/vagrant/authtest/vendor/laravel/framework/src/Illuminate/Routing/Router.php(561): Illuminate\Pipeline\Pipeline->then(Object(Closure))
#43 /home/vagrant/authtest/vendor/laravel/framework/src/Illuminate/Routing/Router.php(520): Illuminate\Routing\Router->runRouteWithinStack(Object(Illuminate\Routing\Route), Object(Illuminate\Http\Request))
#44 /home/vagrant/authtest/vendor/laravel/framework/src/Illuminate/Routing/Router.php(498): Illuminate\Routing\Router->dispatchToRoute(Object(Illuminate\Http\Request))
#45 /home/vagrant/authtest/vendor/laravel/framework/src/Illuminate/Foundation/Http/Kernel.php(174): Illuminate\Routing\Router->dispatch(Object(Illuminate\Http\Request))
#46 /home/vagrant/authtest/vendor/laravel/framework/src/Illuminate/Routing/Pipeline.php(30): Illuminate\Foundation\Http\Kernel->Illuminate\Foundation\Http\{closure}(Object(Illuminate\Http\Request))
#47 /home/vagrant/authtest/vendor/laravel/framework/src/Illuminate/Foundation/Http/Middleware/TransformsRequest.php(30): Illuminate\Routing\Pipeline->Illuminate\Routing\{closure}(Object(Illuminate\Http\Request))
#48 /home/vagrant/authtest/vendor/laravel/framework/src/Illuminate/Pipeline/Pipeline.php(148): Illuminate\Foundation\Http\Middleware\TransformsRequest->handle(Object(Illuminate\Http\Request), Object(Closure))
#49 /home/vagrant/authtest/vendor/laravel/framework/src/Illuminate/Routing/Pipeline.php(53): Illuminate\Pipeline\Pipeline->Illuminate\Pipeline\{closure}(Object(Illuminate\Http\Request))
#50 /home/vagrant/authtest/vendor/laravel/framework/src/Illuminate/Foundation/Http/Middleware/TransformsRequest.php(30): Illuminate\Routing\Pipeline->Illuminate\Routing\{closure}(Object(Illuminate\Http\Request))
#51 /home/vagrant/authtest/vendor/laravel/framework/src/Illuminate/Pipeline/Pipeline.php(148): Illuminate\Foundation\Http\Middleware\TransformsRequest->handle(Object(Illuminate\Http\Request), Object(Closure))
#52 /home/vagrant/authtest/vendor/laravel/framework/src/Illuminate/Routing/Pipeline.php(53): Illuminate\Pipeline\Pipeline->Illuminate\Pipeline\{closure}(Object(Illuminate\Http\Request))
#53 /home/vagrant/authtest/vendor/laravel/framework/src/Illuminate/Foundation/Http/Middleware/ValidatePostSize.php(27): Illuminate\Routing\Pipeline->Illuminate\Routing\{closure}(Object(Illuminate\Http\Request))
#54 /home/vagrant/authtest/vendor/laravel/framework/src/Illuminate/Pipeline/Pipeline.php(148): Illuminate\Foundation\Http\Middleware\ValidatePostSize->handle(Object(Illuminate\Http\Request), Object(Closure))
#55 /home/vagrant/authtest/vendor/laravel/framework/src/Illuminate/Routing/Pipeline.php(53): Illuminate\Pipeline\Pipeline->Illuminate\Pipeline\{closure}(Object(Illuminate\Http\Request))
#56 /home/vagrant/authtest/vendor/laravel/framework/src/Illuminate/Foundation/Http/Middleware/CheckForMaintenanceMode.php(46): Illuminate\Routing\Pipeline->Illuminate\Routing\{closure}(Object(Illuminate\Http\Request))
#57 /home/vagrant/authtest/vendor/laravel/framework/src/Illuminate/Pipeline/Pipeline.php(148): Illuminate\Foundation\Http\Middleware\CheckForMaintenanceMode->handle(Object(Illuminate\Http\Request), Object(Closure))
#58 /home/vagrant/authtest/vendor/laravel/framework/src/Illuminate/Routing/Pipeline.php(53): Illuminate\Pipeline\Pipeline->Illuminate\Pipeline\{closure}(Object(Illuminate\Http\Request))
#59 /home/vagrant/authtest/vendor/laravel/framework/src/Illuminate/Pipeline/Pipeline.php(102): Illuminate\Routing\Pipeline->Illuminate\Routing\{closure}(Object(Illuminate\Http\Request))
#60 /home/vagrant/authtest/vendor/laravel/framework/src/Illuminate/Foundation/Http/Kernel.php(149): Illuminate\Pipeline\Pipeline->then(Object(Closure))
#61 /home/vagrant/authtest/vendor/laravel/framework/src/Illuminate/Foundation/Http/Kernel.php(116): Illuminate\Foundation\Http\Kernel->sendRequestThroughRouter(Object(Illuminate\Http\Request))
#62 /home/vagrant/authtest/public/index.php(53): Illuminate\Foundation\Http\Kernel->handle(Object(Illuminate\Http\Request))
#63 {main}  
[2017-04-20 13:19:42] local.ERROR: Swift_TransportException: Expected response code 250 but got code "530", with message "530 5.7.1 Authentication required
" in /home/vagrant/authtest/vendor/swiftmailer/swiftmailer/lib/classes/Swift/Transport/AbstractSmtpTransport.php:383
Stack trace:
#0 /home/vagrant/authtest/vendor/swiftmailer/swiftmailer/lib/classes/Swift/Transport/AbstractSmtpTransport.php(281): Swift_Transport_AbstractSmtpTransport->_assertResponseCode('530 5.7.1 Authe...', Array)
#1 /home/vagrant/authtest/vendor/swiftmailer/swiftmailer/lib/classes/Swift/Transport/EsmtpTransport.php(270): Swift_Transport_AbstractSmtpTransport->executeCommand('MAIL FROM:<hell...', Array, Array)
#2 /home/vagrant/authtest/vendor/swiftmailer/swiftmailer/lib/classes/Swift/Transport/EsmtpTransport.php(346): Swift_Transport_EsmtpTransport->executeCommand('MAIL FROM:<hell...', Array)
#3 /home/vagrant/authtest/vendor/swiftmailer/swiftmailer/lib/classes/Swift/Transport/AbstractSmtpTransport.php(416): Swift_Transport_EsmtpTransport->_doMailFromCommand('hello@example.c...')
#4 /home/vagrant/authtest/vendor/swiftmailer/swiftmailer/lib/classes/Swift/Transport/AbstractSmtpTransport.php(443): Swift_Transport_AbstractSmtpTransport->_doMailTransaction(Object(Swift_Message), 'hello@example.c...', Array, Array)
#5 /home/vagrant/authtest/vendor/swiftmailer/swiftmailer/lib/classes/Swift/Transport/AbstractSmtpTransport.php(176): Swift_Transport_AbstractSmtpTransport->_sendTo(Object(Swift_Message), 'hello@example.c...', Array, Array)
#6 /home/vagrant/authtest/vendor/swiftmailer/swiftmailer/lib/classes/Swift/Mailer.php(85): Swift_Transport_AbstractSmtpTransport->send(Object(Swift_Message), Array)
#7 /home/vagrant/authtest/vendor/laravel/framework/src/Illuminate/Mail/Mailer.php(440): Swift_Mailer->send(Object(Swift_Message), Array)
#8 /home/vagrant/authtest/vendor/laravel/framework/src/Illuminate/Mail/Mailer.php(211): Illuminate\Mail\Mailer->sendSwiftMessage(Object(Swift_Message))
#9 /home/vagrant/authtest/vendor/laravel/framework/src/Illuminate/Notifications/Channels/MailChannel.php(60): Illuminate\Mail\Mailer->send(Object(Illuminate\Support\HtmlString), Array, Object(Closure))
#10 /home/vagrant/authtest/vendor/laravel/framework/src/Illuminate/Notifications/NotificationSender.php(113): Illuminate\Notifications\Channels\MailChannel->send(Object(App\User), Object(Illuminate\Auth\Notifications\ResetPassword))
#11 /home/vagrant/authtest/vendor/laravel/framework/src/Illuminate/Notifications/NotificationSender.php(89): Illuminate\Notifications\NotificationSender->sendToNotifiable(Object(App\User), 'cc79e26e-c995-4...', Object(Illuminate\Auth\Notifications\ResetPassword), 'mail')
#12 /home/vagrant/authtest/vendor/laravel/framework/src/Illuminate/Notifications/NotificationSender.php(64): Illuminate\Notifications\NotificationSender->sendNow(Object(Illuminate\Database\Eloquent\Collection), Object(Illuminate\Auth\Notifications\ResetPassword))
#13 /home/vagrant/authtest/vendor/laravel/framework/src/Illuminate/Notifications/ChannelManager.php(36): Illuminate\Notifications\NotificationSender->send(Object(Illuminate\Database\Eloquent\Collection), Object(Illuminate\Auth\Notifications\ResetPassword))
#14 /home/vagrant/authtest/vendor/laravel/framework/src/Illuminate/Notifications/RoutesNotifications.php(18): Illuminate\Notifications\ChannelManager->send(Object(App\User), Object(Illuminate\Auth\Notifications\ResetPassword))
#15 /home/vagrant/authtest/vendor/laravel/framework/src/Illuminate/Auth/Passwords/CanResetPassword.php(27): App\User->notify(Object(Illuminate\Auth\Notifications\ResetPassword))
#16 /home/vagrant/authtest/vendor/laravel/framework/src/Illuminate/Auth/Passwords/PasswordBroker.php(70): Illuminate\Foundation\Auth\User->sendPasswordResetNotification('6e21ac6e7440306...')
#17 /home/vagrant/authtest/vendor/laravel/framework/src/Illuminate/Foundation/Auth/SendsPasswordResetEmails.php(34): Illuminate\Auth\Passwords\PasswordBroker->sendResetLink(Array)
#18 [internal function]: App\Http\Controllers\Auth\ForgotPasswordController->sendResetLinkEmail(Object(Illuminate\Http\Request))
#19 /home/vagrant/authtest/vendor/laravel/framework/src/Illuminate/Routing/Controller.php(55): call_user_func_array(Array, Array)
#20 /home/vagrant/authtest/vendor/laravel/framework/src/Illuminate/Routing/ControllerDispatcher.php(44): Illuminate\Routing\Controller->callAction('sendResetLinkEm...', Array)
#21 /home/vagrant/authtest/vendor/laravel/framework/src/Illuminate/Routing/Route.php(203): Illuminate\Routing\ControllerDispatcher->dispatch(Object(Illuminate\Routing\Route), Object(App\Http\Controllers\Auth\ForgotPasswordController), 'sendResetLinkEm...')
#22 /home/vagrant/authtest/vendor/laravel/framework/src/Illuminate/Routing/Route.php(160): Illuminate\Routing\Route->runController()
#23 /home/vagrant/authtest/vendor/laravel/framework/src/Illuminate/Routing/Router.php(559): Illuminate\Routing\Route->run()
#24 /home/vagrant/authtest/vendor/laravel/framework/src/Illuminate/Routing/Pipeline.php(30): Illuminate\Routing\Router->Illuminate\Routing\{closure}(Object(Illuminate\Http\Request))
#25 /home/vagrant/authtest/app/Http/Middleware/RedirectIfAuthenticated.php(24): Illuminate\Routing\Pipeline->Illuminate\Routing\{closure}(Object(Illuminate\Http\Request))
#26 /home/vagrant/authtest/vendor/laravel/framework/src/Illuminate/Pipeline/Pipeline.php(148): App\Http\Middleware\RedirectIfAuthenticated->handle(Object(Illuminate\Http\Request), Object(Closure))
#27 /home/vagrant/authtest/vendor/laravel/framework/src/Illuminate/Routing/Pipeline.php(53): Illuminate\Pipeline\Pipeline->Illuminate\Pipeline\{closure}(Object(Illuminate\Http\Request))
#28 /home/vagrant/authtest/vendor/laravel/framework/src/Illuminate/Routing/Middleware/SubstituteBindings.php(41): Illuminate\Routing\Pipeline->Illuminate\Routing\{closure}(Object(Illuminate\Http\Request))
#29 /home/vagrant/authtest/vendor/laravel/framework/src/Illuminate/Pipeline/Pipeline.php(148): Illuminate\Routing\Middleware\SubstituteBindings->handle(Object(Illuminate\Http\Request), Object(Closure))
#30 /home/vagrant/authtest/vendor/laravel/framework/src/Illuminate/Routing/Pipeline.php(53): Illuminate\Pipeline\Pipeline->Illuminate\Pipeline\{closure}(Object(Illuminate\Http\Request))
#31 /home/vagrant/authtest/vendor/laravel/framework/src/Illuminate/Foundation/Http/Middleware/VerifyCsrfToken.php(65): Illuminate\Routing\Pipeline->Illuminate\Routing\{closure}(Object(Illuminate\Http\Request))
#32 /home/vagrant/authtest/vendor/laravel/framework/src/Illuminate/Pipeline/Pipeline.php(148): Illuminate\Foundation\Http\Middleware\VerifyCsrfToken->handle(Object(Illuminate\Http\Request), Object(Closure))
#33 /home/vagrant/authtest/vendor/laravel/framework/src/Illuminate/Routing/Pipeline.php(53): Illuminate\Pipeline\Pipeline->Illuminate\Pipeline\{closure}(Object(Illuminate\Http\Request))
#34 /home/vagrant/authtest/vendor/laravel/framework/src/Illuminate/View/Middleware/ShareErrorsFromSession.php(49): Illuminate\Routing\Pipeline->Illuminate\Routing\{closure}(Object(Illuminate\Http\Request))
#35 /home/vagrant/authtest/vendor/laravel/framework/src/Illuminate/Pipeline/Pipeline.php(148): Illuminate\View\Middleware\ShareErrorsFromSession->handle(Object(Illuminate\Http\Request), Object(Closure))
#36 /home/vagrant/authtest/vendor/laravel/framework/src/Illuminate/Routing/Pipeline.php(53): Illuminate\Pipeline\Pipeline->Illuminate\Pipeline\{closure}(Object(Illuminate\Http\Request))
#37 /home/vagrant/authtest/vendor/laravel/framework/src/Illuminate/Session/Middleware/StartSession.php(64): Illuminate\Routing\Pipeline->Illuminate\Routing\{closure}(Object(Illuminate\Http\Request))
#38 /home/vagrant/authtest/vendor/laravel/framework/src/Illuminate/Pipeline/Pipeline.php(148): Illuminate\Session\Middleware\StartSession->handle(Object(Illuminate\Http\Request), Object(Closure))
#39 /home/vagrant/authtest/vendor/laravel/framework/src/Illuminate/Routing/Pipeline.php(53): Illuminate\Pipeline\Pipeline->Illuminate\Pipeline\{closure}(Object(Illuminate\Http\Request))
#40 /home/vagrant/authtest/vendor/laravel/framework/src/Illuminate/Cookie/Middleware/AddQueuedCookiesToResponse.php(37): Illuminate\Routing\Pipeline->Illuminate\Routing\{closure}(Object(Illuminate\Http\Request))
#41 /home/vagrant/authtest/vendor/laravel/framework/src/Illuminate/Pipeline/Pipeline.php(148): Illuminate\Cookie\Middleware\AddQueuedCookiesToResponse->handle(Object(Illuminate\Http\Request), Object(Closure))
#42 /home/vagrant/authtest/vendor/laravel/framework/src/Illuminate/Routing/Pipeline.php(53): Illuminate\Pipeline\Pipeline->Illuminate\Pipeline\{closure}(Object(Illuminate\Http\Request))
#43 /home/vagrant/authtest/vendor/laravel/framework/src/Illuminate/Cookie/Middleware/EncryptCookies.php(59): Illuminate\Routing\Pipeline->Illuminate\Routing\{closure}(Object(Illuminate\Http\Request))
#44 /home/vagrant/authtest/vendor/laravel/framework/src/Illuminate/Pipeline/Pipeline.php(148): Illuminate\Cookie\Middleware\EncryptCookies->handle(Object(Illuminate\Http\Request), Object(Closure))
#45 /home/vagrant/authtest/vendor/laravel/framework/src/Illuminate/Routing/Pipeline.php(53): Illuminate\Pipeline\Pipeline->Illuminate\Pipeline\{closure}(Object(Illuminate\Http\Request))
#46 /home/vagrant/authtest/vendor/laravel/framework/src/Illuminate/Pipeline/Pipeline.php(102): Illuminate\Routing\Pipeline->Illuminate\Routing\{closure}(Object(Illuminate\Http\Request))
#47 /home/vagrant/authtest/vendor/laravel/framework/src/Illuminate/Routing/Router.php(561): Illuminate\Pipeline\Pipeline->then(Object(Closure))
#48 /home/vagrant/authtest/vendor/laravel/framework/src/Illuminate/Routing/Router.php(520): Illuminate\Routing\Router->runRouteWithinStack(Object(Illuminate\Routing\Route), Object(Illuminate\Http\Request))
#49 /home/vagrant/authtest/vendor/laravel/framework/src/Illuminate/Routing/Router.php(498): Illuminate\Routing\Router->dispatchToRoute(Object(Illuminate\Http\Request))
#50 /home/vagrant/authtest/vendor/laravel/framework/src/Illuminate/Foundation/Http/Kernel.php(174): Illuminate\Routing\Router->dispatch(Object(Illuminate\Http\Request))
#51 /home/vagrant/authtest/vendor/laravel/framework/src/Illuminate/Routing/Pipeline.php(30): Illuminate\Foundation\Http\Kernel->Illuminate\Foundation\Http\{closure}(Object(Illuminate\Http\Request))
#52 /home/vagrant/authtest/vendor/laravel/framework/src/Illuminate/Foundation/Http/Middleware/TransformsRequest.php(30): Illuminate\Routing\Pipeline->Illuminate\Routing\{closure}(Object(Illuminate\Http\Request))
#53 /home/vagrant/authtest/vendor/laravel/framework/src/Illuminate/Pipeline/Pipeline.php(148): Illuminate\Foundation\Http\Middleware\TransformsRequest->handle(Object(Illuminate\Http\Request), Object(Closure))
#54 /home/vagrant/authtest/vendor/laravel/framework/src/Illuminate/Routing/Pipeline.php(53): Illuminate\Pipeline\Pipeline->Illuminate\Pipeline\{closure}(Object(Illuminate\Http\Request))
#55 /home/vagrant/authtest/vendor/laravel/framework/src/Illuminate/Foundation/Http/Middleware/TransformsRequest.php(30): Illuminate\Routing\Pipeline->Illuminate\Routing\{closure}(Object(Illuminate\Http\Request))
#56 /home/vagrant/authtest/vendor/laravel/framework/src/Illuminate/Pipeline/Pipeline.php(148): Illuminate\Foundation\Http\Middleware\TransformsRequest->handle(Object(Illuminate\Http\Request), Object(Closure))
#57 /home/vagrant/authtest/vendor/laravel/framework/src/Illuminate/Routing/Pipeline.php(53): Illuminate\Pipeline\Pipeline->Illuminate\Pipeline\{closure}(Object(Illuminate\Http\Request))
#58 /home/vagrant/authtest/vendor/laravel/framework/src/Illuminate/Foundation/Http/Middleware/ValidatePostSize.php(27): Illuminate\Routing\Pipeline->Illuminate\Routing\{closure}(Object(Illuminate\Http\Request))
#59 /home/vagrant/authtest/vendor/laravel/framework/src/Illuminate/Pipeline/Pipeline.php(148): Illuminate\Foundation\Http\Middleware\ValidatePostSize->handle(Object(Illuminate\Http\Request), Object(Closure))
#60 /home/vagrant/authtest/vendor/laravel/framework/src/Illuminate/Routing/Pipeline.php(53): Illuminate\Pipeline\Pipeline->Illuminate\Pipeline\{closure}(Object(Illuminate\Http\Request))
#61 /home/vagrant/authtest/vendor/laravel/framework/src/Illuminate/Foundation/Http/Middleware/CheckForMaintenanceMode.php(46): Illuminate\Routing\Pipeline->Illuminate\Routing\{closure}(Object(Illuminate\Http\Request))
#62 /home/vagrant/authtest/vendor/laravel/framework/src/Illuminate/Pipeline/Pipeline.php(148): Illuminate\Foundation\Http\Middleware\CheckForMaintenanceMode->handle(Object(Illuminate\Http\Request), Object(Closure))
#63 /home/vagrant/authtest/vendor/laravel/framework/src/Illuminate/Routing/Pipeline.php(53): Illuminate\Pipeline\Pipeline->Illuminate\Pipeline\{closure}(Object(Illuminate\Http\Request))
#64 /home/vagrant/authtest/vendor/laravel/framework/src/Illuminate/Pipeline/Pipeline.php(102): Illuminate\Routing\Pipeline->Illuminate\Routing\{closure}(Object(Illuminate\Http\Request))
#65 /home/vagrant/authtest/vendor/laravel/framework/src/Illuminate/Foundation/Http/Kernel.php(149): Illuminate\Pipeline\Pipeline->then(Object(Closure))
#66 /home/vagrant/authtest/vendor/laravel/framework/src/Illuminate/Foundation/Http/Kernel.php(116): Illuminate\Foundation\Http\Kernel->sendRequestThroughRouter(Object(Illuminate\Http\Request))
#67 /home/vagrant/authtest/public/index.php(53): Illuminate\Foundation\Http\Kernel->handle(Object(Illuminate\Http\Request))
#68 {main}  
[2017-04-20 13:25:04] local.ERROR: Swift_TransportException: Expected response code 250 but got code "530", with message "530 5.7.1 Authentication required
" in /home/vagrant/authtest/vendor/swiftmailer/swiftmailer/lib/classes/Swift/Transport/AbstractSmtpTransport.php:383
Stack trace:
#0 /home/vagrant/authtest/vendor/swiftmailer/swiftmailer/lib/classes/Swift/Transport/AbstractSmtpTransport.php(281): Swift_Transport_AbstractSmtpTransport->_assertResponseCode('530 5.7.1 Authe...', Array)
#1 /home/vagrant/authtest/vendor/swiftmailer/swiftmailer/lib/classes/Swift/Transport/EsmtpTransport.php(270): Swift_Transport_AbstractSmtpTransport->executeCommand('MAIL FROM:<hell...', Array, Array)
#2 /home/vagrant/authtest/vendor/swiftmailer/swiftmailer/lib/classes/Swift/Transport/EsmtpTransport.php(346): Swift_Transport_EsmtpTransport->executeCommand('MAIL FROM:<hell...', Array)
#3 /home/vagrant/authtest/vendor/swiftmailer/swiftmailer/lib/classes/Swift/Transport/AbstractSmtpTransport.php(416): Swift_Transport_EsmtpTransport->_doMailFromCommand('hello@example.c...')
#4 /home/vagrant/authtest/vendor/swiftmailer/swiftmailer/lib/classes/Swift/Transport/AbstractSmtpTransport.php(443): Swift_Transport_AbstractSmtpTransport->_doMailTransaction(Object(Swift_Message), 'hello@example.c...', Array, Array)
#5 /home/vagrant/authtest/vendor/swiftmailer/swiftmailer/lib/classes/Swift/Transport/AbstractSmtpTransport.php(176): Swift_Transport_AbstractSmtpTransport->_sendTo(Object(Swift_Message), 'hello@example.c...', Array, Array)
#6 /home/vagrant/authtest/vendor/swiftmailer/swiftmailer/lib/classes/Swift/Mailer.php(85): Swift_Transport_AbstractSmtpTransport->send(Object(Swift_Message), Array)
#7 /home/vagrant/authtest/vendor/laravel/framework/src/Illuminate/Mail/Mailer.php(440): Swift_Mailer->send(Object(Swift_Message), Array)
#8 /home/vagrant/authtest/vendor/laravel/framework/src/Illuminate/Mail/Mailer.php(211): Illuminate\Mail\Mailer->sendSwiftMessage(Object(Swift_Message))
#9 /home/vagrant/authtest/vendor/laravel/framework/src/Illuminate/Notifications/Channels/MailChannel.php(60): Illuminate\Mail\Mailer->send(Object(Illuminate\Support\HtmlString), Array, Object(Closure))
#10 /home/vagrant/authtest/vendor/laravel/framework/src/Illuminate/Notifications/NotificationSender.php(113): Illuminate\Notifications\Channels\MailChannel->send(Object(App\User), Object(Illuminate\Auth\Notifications\ResetPassword))
#11 /home/vagrant/authtest/vendor/laravel/framework/src/Illuminate/Notifications/NotificationSender.php(89): Illuminate\Notifications\NotificationSender->sendToNotifiable(Object(App\User), '1a4f6d8b-27f5-4...', Object(Illuminate\Auth\Notifications\ResetPassword), 'mail')
#12 /home/vagrant/authtest/vendor/laravel/framework/src/Illuminate/Notifications/NotificationSender.php(64): Illuminate\Notifications\NotificationSender->sendNow(Object(Illuminate\Database\Eloquent\Collection), Object(Illuminate\Auth\Notifications\ResetPassword))
#13 /home/vagrant/authtest/vendor/laravel/framework/src/Illuminate/Notifications/ChannelManager.php(36): Illuminate\Notifications\NotificationSender->send(Object(Illuminate\Database\Eloquent\Collection), Object(Illuminate\Auth\Notifications\ResetPassword))
#14 /home/vagrant/authtest/vendor/laravel/framework/src/Illuminate/Notifications/RoutesNotifications.php(18): Illuminate\Notifications\ChannelManager->send(Object(App\User), Object(Illuminate\Auth\Notifications\ResetPassword))
#15 /home/vagrant/authtest/vendor/laravel/framework/src/Illuminate/Auth/Passwords/CanResetPassword.php(27): App\User->notify(Object(Illuminate\Auth\Notifications\ResetPassword))
#16 /home/vagrant/authtest/vendor/laravel/framework/src/Illuminate/Auth/Passwords/PasswordBroker.php(70): Illuminate\Foundation\Auth\User->sendPasswordResetNotification('341caf2f7ac51d7...')
#17 /home/vagrant/authtest/vendor/laravel/framework/src/Illuminate/Foundation/Auth/SendsPasswordResetEmails.php(34): Illuminate\Auth\Passwords\PasswordBroker->sendResetLink(Array)
#18 [internal function]: App\Http\Controllers\Auth\ForgotPasswordController->sendResetLinkEmail(Object(Illuminate\Http\Request))
#19 /home/vagrant/authtest/vendor/laravel/framework/src/Illuminate/Routing/Controller.php(55): call_user_func_array(Array, Array)
#20 /home/vagrant/authtest/vendor/laravel/framework/src/Illuminate/Routing/ControllerDispatcher.php(44): Illuminate\Routing\Controller->callAction('sendResetLinkEm...', Array)
#21 /home/vagrant/authtest/vendor/laravel/framework/src/Illuminate/Routing/Route.php(203): Illuminate\Routing\ControllerDispatcher->dispatch(Object(Illuminate\Routing\Route), Object(App\Http\Controllers\Auth\ForgotPasswordController), 'sendResetLinkEm...')
#22 /home/vagrant/authtest/vendor/laravel/framework/src/Illuminate/Routing/Route.php(160): Illuminate\Routing\Route->runController()
#23 /home/vagrant/authtest/vendor/laravel/framework/src/Illuminate/Routing/Router.php(559): Illuminate\Routing\Route->run()
#24 /home/vagrant/authtest/vendor/laravel/framework/src/Illuminate/Routing/Pipeline.php(30): Illuminate\Routing\Router->Illuminate\Routing\{closure}(Object(Illuminate\Http\Request))
#25 /home/vagrant/authtest/app/Http/Middleware/RedirectIfAuthenticated.php(24): Illuminate\Routing\Pipeline->Illuminate\Routing\{closure}(Object(Illuminate\Http\Request))
#26 /home/vagrant/authtest/vendor/laravel/framework/src/Illuminate/Pipeline/Pipeline.php(148): App\Http\Middleware\RedirectIfAuthenticated->handle(Object(Illuminate\Http\Request), Object(Closure))
#27 /home/vagrant/authtest/vendor/laravel/framework/src/Illuminate/Routing/Pipeline.php(53): Illuminate\Pipeline\Pipeline->Illuminate\Pipeline\{closure}(Object(Illuminate\Http\Request))
#28 /home/vagrant/authtest/vendor/laravel/framework/src/Illuminate/Routing/Middleware/SubstituteBindings.php(41): Illuminate\Routing\Pipeline->Illuminate\Routing\{closure}(Object(Illuminate\Http\Request))
#29 /home/vagrant/authtest/vendor/laravel/framework/src/Illuminate/Pipeline/Pipeline.php(148): Illuminate\Routing\Middleware\SubstituteBindings->handle(Object(Illuminate\Http\Request), Object(Closure))
#30 /home/vagrant/authtest/vendor/laravel/framework/src/Illuminate/Routing/Pipeline.php(53): Illuminate\Pipeline\Pipeline->Illuminate\Pipeline\{closure}(Object(Illuminate\Http\Request))
#31 /home/vagrant/authtest/vendor/laravel/framework/src/Illuminate/Foundation/Http/Middleware/VerifyCsrfToken.php(65): Illuminate\Routing\Pipeline->Illuminate\Routing\{closure}(Object(Illuminate\Http\Request))
#32 /home/vagrant/authtest/vendor/laravel/framework/src/Illuminate/Pipeline/Pipeline.php(148): Illuminate\Foundation\Http\Middleware\VerifyCsrfToken->handle(Object(Illuminate\Http\Request), Object(Closure))
#33 /home/vagrant/authtest/vendor/laravel/framework/src/Illuminate/Routing/Pipeline.php(53): Illuminate\Pipeline\Pipeline->Illuminate\Pipeline\{closure}(Object(Illuminate\Http\Request))
#34 /home/vagrant/authtest/vendor/laravel/framework/src/Illuminate/View/Middleware/ShareErrorsFromSession.php(49): Illuminate\Routing\Pipeline->Illuminate\Routing\{closure}(Object(Illuminate\Http\Request))
#35 /home/vagrant/authtest/vendor/laravel/framework/src/Illuminate/Pipeline/Pipeline.php(148): Illuminate\View\Middleware\ShareErrorsFromSession->handle(Object(Illuminate\Http\Request), Object(Closure))
#36 /home/vagrant/authtest/vendor/laravel/framework/src/Illuminate/Routing/Pipeline.php(53): Illuminate\Pipeline\Pipeline->Illuminate\Pipeline\{closure}(Object(Illuminate\Http\Request))
#37 /home/vagrant/authtest/vendor/laravel/framework/src/Illuminate/Session/Middleware/StartSession.php(64): Illuminate\Routing\Pipeline->Illuminate\Routing\{closure}(Object(Illuminate\Http\Request))
#38 /home/vagrant/authtest/vendor/laravel/framework/src/Illuminate/Pipeline/Pipeline.php(148): Illuminate\Session\Middleware\StartSession->handle(Object(Illuminate\Http\Request), Object(Closure))
#39 /home/vagrant/authtest/vendor/laravel/framework/src/Illuminate/Routing/Pipeline.php(53): Illuminate\Pipeline\Pipeline->Illuminate\Pipeline\{closure}(Object(Illuminate\Http\Request))
#40 /home/vagrant/authtest/vendor/laravel/framework/src/Illuminate/Cookie/Middleware/AddQueuedCookiesToResponse.php(37): Illuminate\Routing\Pipeline->Illuminate\Routing\{closure}(Object(Illuminate\Http\Request))
#41 /home/vagrant/authtest/vendor/laravel/framework/src/Illuminate/Pipeline/Pipeline.php(148): Illuminate\Cookie\Middleware\AddQueuedCookiesToResponse->handle(Object(Illuminate\Http\Request), Object(Closure))
#42 /home/vagrant/authtest/vendor/laravel/framework/src/Illuminate/Routing/Pipeline.php(53): Illuminate\Pipeline\Pipeline->Illuminate\Pipeline\{closure}(Object(Illuminate\Http\Request))
#43 /home/vagrant/authtest/vendor/laravel/framework/src/Illuminate/Cookie/Middleware/EncryptCookies.php(59): Illuminate\Routing\Pipeline->Illuminate\Routing\{closure}(Object(Illuminate\Http\Request))
#44 /home/vagrant/authtest/vendor/laravel/framework/src/Illuminate/Pipeline/Pipeline.php(148): Illuminate\Cookie\Middleware\EncryptCookies->handle(Object(Illuminate\Http\Request), Object(Closure))
#45 /home/vagrant/authtest/vendor/laravel/framework/src/Illuminate/Routing/Pipeline.php(53): Illuminate\Pipeline\Pipeline->Illuminate\Pipeline\{closure}(Object(Illuminate\Http\Request))
#46 /home/vagrant/authtest/vendor/laravel/framework/src/Illuminate/Pipeline/Pipeline.php(102): Illuminate\Routing\Pipeline->Illuminate\Routing\{closure}(Object(Illuminate\Http\Request))
#47 /home/vagrant/authtest/vendor/laravel/framework/src/Illuminate/Routing/Router.php(561): Illuminate\Pipeline\Pipeline->then(Object(Closure))
#48 /home/vagrant/authtest/vendor/laravel/framework/src/Illuminate/Routing/Router.php(520): Illuminate\Routing\Router->runRouteWithinStack(Object(Illuminate\Routing\Route), Object(Illuminate\Http\Request))
#49 /home/vagrant/authtest/vendor/laravel/framework/src/Illuminate/Routing/Router.php(498): Illuminate\Routing\Router->dispatchToRoute(Object(Illuminate\Http\Request))
#50 /home/vagrant/authtest/vendor/laravel/framework/src/Illuminate/Foundation/Http/Kernel.php(174): Illuminate\Routing\Router->dispatch(Object(Illuminate\Http\Request))
#51 /home/vagrant/authtest/vendor/laravel/framework/src/Illuminate/Routing/Pipeline.php(30): Illuminate\Foundation\Http\Kernel->Illuminate\Foundation\Http\{closure}(Object(Illuminate\Http\Request))
#52 /home/vagrant/authtest/vendor/laravel/framework/src/Illuminate/Foundation/Http/Middleware/TransformsRequest.php(30): Illuminate\Routing\Pipeline->Illuminate\Routing\{closure}(Object(Illuminate\Http\Request))
#53 /home/vagrant/authtest/vendor/laravel/framework/src/Illuminate/Pipeline/Pipeline.php(148): Illuminate\Foundation\Http\Middleware\TransformsRequest->handle(Object(Illuminate\Http\Request), Object(Closure))
#54 /home/vagrant/authtest/vendor/laravel/framework/src/Illuminate/Routing/Pipeline.php(53): Illuminate\Pipeline\Pipeline->Illuminate\Pipeline\{closure}(Object(Illuminate\Http\Request))
#55 /home/vagrant/authtest/vendor/laravel/framework/src/Illuminate/Foundation/Http/Middleware/TransformsRequest.php(30): Illuminate\Routing\Pipeline->Illuminate\Routing\{closure}(Object(Illuminate\Http\Request))
#56 /home/vagrant/authtest/vendor/laravel/framework/src/Illuminate/Pipeline/Pipeline.php(148): Illuminate\Foundation\Http\Middleware\TransformsRequest->handle(Object(Illuminate\Http\Request), Object(Closure))
#57 /home/vagrant/authtest/vendor/laravel/framework/src/Illuminate/Routing/Pipeline.php(53): Illuminate\Pipeline\Pipeline->Illuminate\Pipeline\{closure}(Object(Illuminate\Http\Request))
#58 /home/vagrant/authtest/vendor/laravel/framework/src/Illuminate/Foundation/Http/Middleware/ValidatePostSize.php(27): Illuminate\Routing\Pipeline->Illuminate\Routing\{closure}(Object(Illuminate\Http\Request))
#59 /home/vagrant/authtest/vendor/laravel/framework/src/Illuminate/Pipeline/Pipeline.php(148): Illuminate\Foundation\Http\Middleware\ValidatePostSize->handle(Object(Illuminate\Http\Request), Object(Closure))
#60 /home/vagrant/authtest/vendor/laravel/framework/src/Illuminate/Routing/Pipeline.php(53): Illuminate\Pipeline\Pipeline->Illuminate\Pipeline\{closure}(Object(Illuminate\Http\Request))
#61 /home/vagrant/authtest/vendor/laravel/framework/src/Illuminate/Foundation/Http/Middleware/CheckForMaintenanceMode.php(46): Illuminate\Routing\Pipeline->Illuminate\Routing\{closure}(Object(Illuminate\Http\Request))
#62 /home/vagrant/authtest/vendor/laravel/framework/src/Illuminate/Pipeline/Pipeline.php(148): Illuminate\Foundation\Http\Middleware\CheckForMaintenanceMode->handle(Object(Illuminate\Http\Request), Object(Closure))
#63 /home/vagrant/authtest/vendor/laravel/framework/src/Illuminate/Routing/Pipeline.php(53): Illuminate\Pipeline\Pipeline->Illuminate\Pipeline\{closure}(Object(Illuminate\Http\Request))
#64 /home/vagrant/authtest/vendor/laravel/framework/src/Illuminate/Pipeline/Pipeline.php(102): Illuminate\Routing\Pipeline->Illuminate\Routing\{closure}(Object(Illuminate\Http\Request))
#65 /home/vagrant/authtest/vendor/laravel/framework/src/Illuminate/Foundation/Http/Kernel.php(149): Illuminate\Pipeline\Pipeline->then(Object(Closure))
#66 /home/vagrant/authtest/vendor/laravel/framework/src/Illuminate/Foundation/Http/Kernel.php(116): Illuminate\Foundation\Http\Kernel->sendRequestThroughRouter(Object(Illuminate\Http\Request))
#67 /home/vagrant/authtest/public/index.php(53): Illuminate\Foundation\Http\Kernel->handle(Object(Illuminate\Http\Request))
#68 {main}  
